<?xml version="1.0" encoding="UTF-8"?>
<testng-results skipped="0" failed="0" total="1" passed="1">
  <reporter-output>
  </reporter-output>
  <suite name="Default suite" duration-ms="19632" started-at="2020-05-16T11:14:08Z" finished-at="2020-05-16T11:14:28Z">
    <groups>
    </groups>
    <test name="Default test" duration-ms="19632" started-at="2020-05-16T11:14:08Z" finished-at="2020-05-16T11:14:28Z">
      <class name="com.training.sanity.tests.Uniform_TC039">
        <test-method status="PASS" signature="setUpBeforeClass()[pri:0, instance:com.training.sanity.tests.Uniform_TC039@1a38c59b]" name="setUpBeforeClass" is-config="true" duration-ms="14" started-at="2020-05-16T16:44:08Z" finished-at="2020-05-16T16:44:08Z">
          <reporter-output>
          </reporter-output>
        </test-method> <!-- setUpBeforeClass -->
        <test-method status="PASS" signature="setUp()[pri:0, instance:com.training.sanity.tests.Uniform_TC039@1a38c59b]" name="setUp" is-config="true" duration-ms="9471" started-at="2020-05-16T16:44:08Z" finished-at="2020-05-16T16:44:18Z">
          <reporter-output>
          </reporter-output>
        </test-method> <!-- setUp -->
        <test-method status="PASS" signature="validLoginTest()[pri:0, instance:com.training.sanity.tests.Uniform_TC039@1a38c59b]" name="validLoginTest" duration-ms="8212" started-at="2020-05-16T16:44:18Z" finished-at="2020-05-16T16:44:26Z">
          <reporter-output>
          </reporter-output>
        </test-method> <!-- validLoginTest -->
        <test-method status="PASS" signature="tearDown()[pri:0, instance:com.training.sanity.tests.Uniform_TC039@1a38c59b]" name="tearDown" is-config="true" duration-ms="1912" started-at="2020-05-16T16:44:26Z" finished-at="2020-05-16T16:44:28Z">
          <reporter-output>
          </reporter-output>
        </test-method> <!-- tearDown -->
      </class> <!-- com.training.sanity.tests.Uniform_TC039 -->
    </test> <!-- Default test -->
  </suite> <!-- Default suite -->
</testng-results>
